<?xml version="1.0" encoding="UTF-8"?>
<!-- Generated by org.testng.reporters.JUnitXMLReporter -->
<testsuite ignored="0" hostname="DESKTOP-FSPHPC9" failures="0" tests="4" name="Default test" time="0.063" errors="0" timestamp="15 Mar 2021 16:49:51 GMT">
  <testcase classname="runner.gmail3" name="arrayLoop" time="0.013"/>
  <testcase classname="runner.gmail3" name="ckeckInt" time="0.001"/>
  <testcase classname="runner.gmail3" name="switchInt" time="0.001"/>
  <testcase classname="runner.gmail3" name="swithStrign" time="0.002"/>
</testsuite> <!-- Default test -->
