<?xml version="1.0" encoding="UTF-8"?>
<!-- Generated by org.testng.reporters.JUnitXMLReporter -->
<testsuite ignored="0" hostname="DESKTOP-FSPHPC9" failures="1" tests="1" name="Surefire test" time="0.069" errors="0" timestamp="12 Mar 2021 10:02:46 GMT">
  <testcase classname="runner.TestNG" name="testRunner" time="0.028">
    <failure type="java.lang.NullPointerException" message="Cannot invoke &amp;quot;org.openqa.selenium.WebDriver.findElements(org.openqa.selenium.By)&amp;quot; because &amp;quot;this.driver&amp;quot; is null">
      <![CDATA[java.lang.NullPointerException: Cannot invoke "org.openqa.selenium.WebDriver.findElements(org.openqa.selenium.By)" because "this.driver" is null
	at runner.TestNG.testRunner(TestNG.java:19)
... Removed 30 stack frames]]>
    </failure>
  </testcase> <!-- testRunner -->
</testsuite> <!-- Surefire test -->
