<?xml version="1.0" encoding="UTF-8"?>
<testng-results ignored="0" total="4" passed="4" failed="0" skipped="0">
  <reporter-output>
  </reporter-output>
  <suite started-at="2021-03-15T16:49:50Z" name="Default suite" finished-at="2021-03-15T16:49:50Z" duration-ms="63">
    <groups>
    </groups>
    <test started-at="2021-03-15T16:49:50Z" name="Default test" finished-at="2021-03-15T16:49:50Z" duration-ms="63">
      <class name="runner.gmail3">
        <test-method signature="arrayLoop()[pri:0, instance:runner.gmail3@242b836]" started-at="2021-03-15T18:49:50Z" name="arrayLoop" finished-at="2021-03-15T18:49:50Z" duration-ms="13" status="PASS">
          <reporter-output>
          </reporter-output>
        </test-method> <!-- arrayLoop -->
        <test-method signature="ckeckInt()[pri:0, instance:runner.gmail3@242b836]" started-at="2021-03-15T18:49:50Z" name="ckeckInt" finished-at="2021-03-15T18:49:50Z" duration-ms="1" status="PASS">
          <reporter-output>
          </reporter-output>
        </test-method> <!-- ckeckInt -->
        <test-method signature="switchInt()[pri:0, instance:runner.gmail3@242b836]" started-at="2021-03-15T18:49:50Z" name="switchInt" finished-at="2021-03-15T18:49:50Z" duration-ms="1" status="PASS">
          <reporter-output>
          </reporter-output>
        </test-method> <!-- switchInt -->
        <test-method signature="swithStrign()[pri:0, instance:runner.gmail3@242b836]" started-at="2021-03-15T18:49:50Z" name="swithStrign" finished-at="2021-03-15T18:49:50Z" duration-ms="2" status="PASS">
          <reporter-output>
          </reporter-output>
        </test-method> <!-- swithStrign -->
      </class> <!-- runner.gmail3 -->
    </test> <!-- Default test -->
  </suite> <!-- Default suite -->
</testng-results>
